<?xml version="1.0" encoding="UTF-8"?>
<testsuite name="com.sohwan.dpti.DptiApplicationTests" tests="1" skipped="0" failures="0" errors="0" timestamp="2023-08-03T10:53:44" hostname="DESKTOP-LK67IIF" time="0.508">
  <properties/>
  <testcase name="contextLoads()" classname="com.sohwan.dpti.DptiApplicationTests" time="0.508"/>
  <system-out><![CDATA[19:53:39.767 [Test worker] DEBUG org.springframework.test.context.BootstrapUtils - Instantiating CacheAwareContextLoaderDelegate from class [org.springframework.test.context.cache.DefaultCacheAwareContextLoaderDelegate]
19:53:39.778 [Test worker] DEBUG org.springframework.test.context.BootstrapUtils - Instantiating BootstrapContext using constructor [public org.springframework.test.context.support.DefaultBootstrapContext(java.lang.Class,org.springframework.test.context.CacheAwareContextLoaderDelegate)]
19:53:39.810 [Test worker] DEBUG org.springframework.test.context.BootstrapUtils - Instantiating TestContextBootstrapper for test class [com.sohwan.dpti.DptiApplicationTests] from class [org.springframework.boot.test.context.SpringBootTestContextBootstrapper]
19:53:39.827 [Test worker] INFO org.springframework.boot.test.context.SpringBootTestContextBootstrapper - Neither @ContextConfiguration nor @ContextHierarchy found for test class [com.sohwan.dpti.DptiApplicationTests], using SpringBootContextLoader
19:53:39.830 [Test worker] DEBUG org.springframework.test.context.support.AbstractContextLoader - Did not detect default resource location for test class [com.sohwan.dpti.DptiApplicationTests]: class path resource [com/sohwan/dpti/DptiApplicationTests-context.xml] does not exist
19:53:39.831 [Test worker] DEBUG org.springframework.test.context.support.AbstractContextLoader - Did not detect default resource location for test class [com.sohwan.dpti.DptiApplicationTests]: class path resource [com/sohwan/dpti/DptiApplicationTestsContext.groovy] does not exist
19:53:39.831 [Test worker] INFO org.springframework.test.context.support.AbstractContextLoader - Could not detect default resource locations for test class [com.sohwan.dpti.DptiApplicationTests]: no resource found for suffixes {-context.xml, Context.groovy}.
19:53:39.832 [Test worker] INFO org.springframework.test.context.support.AnnotationConfigContextLoaderUtils - Could not detect default configuration classes for test class [com.sohwan.dpti.DptiApplicationTests]: DptiApplicationTests does not declare any static, non-private, non-final, nested classes annotated with @Configuration.
19:53:39.876 [Test worker] DEBUG org.springframework.test.context.support.ActiveProfilesUtils - Could not find an 'annotation declaring class' for annotation type [org.springframework.test.context.ActiveProfiles] and class [com.sohwan.dpti.DptiApplicationTests]
19:53:39.948 [Test worker] DEBUG org.springframework.context.annotation.ClassPathScanningCandidateComponentProvider - Identified candidate component class: file [D:\dev\DPTI\be\dpti\build\classes\java\main\com\sohwan\dpti\DptiApplication.class]
19:53:39.950 [Test worker] INFO org.springframework.boot.test.context.SpringBootTestContextBootstrapper - Found @SpringBootConfiguration com.sohwan.dpti.DptiApplication for test class com.sohwan.dpti.DptiApplicationTests
19:53:40.076 [Test worker] DEBUG org.springframework.boot.test.context.SpringBootTestContextBootstrapper - @TestExecutionListeners is not present for class [com.sohwan.dpti.DptiApplicationTests]: using defaults.
19:53:40.077 [Test worker] INFO org.springframework.boot.test.context.SpringBootTestContextBootstrapper - Loaded default TestExecutionListener class names from location [META-INF/spring.factories]: [org.springframework.boot.test.autoconfigure.restdocs.RestDocsTestExecutionListener, org.springframework.boot.test.autoconfigure.web.client.MockRestServiceServerResetTestExecutionListener, org.springframework.boot.test.autoconfigure.web.servlet.MockMvcPrintOnlyOnFailureTestExecutionListener, org.springframework.boot.test.autoconfigure.web.servlet.WebDriverTestExecutionListener, org.springframework.boot.test.autoconfigure.webservices.client.MockWebServiceServerTestExecutionListener, org.springframework.boot.test.mock.mockito.MockitoTestExecutionListener, org.springframework.boot.test.mock.mockito.ResetMocksTestExecutionListener, org.springframework.test.context.web.ServletTestExecutionListener, org.springframework.test.context.support.DirtiesContextBeforeModesTestExecutionListener, org.springframework.test.context.event.ApplicationEventsTestExecutionListener, org.springframework.test.context.support.DependencyInjectionTestExecutionListener, org.springframework.test.context.support.DirtiesContextTestExecutionListener, org.springframework.test.context.transaction.TransactionalTestExecutionListener, org.springframework.test.context.jdbc.SqlScriptsTestExecutionListener, org.springframework.test.context.event.EventPublishingTestExecutionListener]
19:53:40.101 [Test worker] INFO org.springframework.boot.test.context.SpringBootTestContextBootstrapper - Using TestExecutionListeners: [org.springframework.test.context.web.ServletTestExecutionListener@61a5b4ae, org.springframework.test.context.support.DirtiesContextBeforeModesTestExecutionListener@3a71c100, org.springframework.test.context.event.ApplicationEventsTestExecutionListener@5b69fd74, org.springframework.boot.test.mock.mockito.MockitoTestExecutionListener@f325091, org.springframework.boot.test.autoconfigure.SpringBootDependencyInjectionTestExecutionListener@437e951d, org.springframework.test.context.support.DirtiesContextTestExecutionListener@77b325b3, org.springframework.test.context.transaction.TransactionalTestExecutionListener@63a5e46c, org.springframework.test.context.jdbc.SqlScriptsTestExecutionListener@7e8e8651, org.springframework.test.context.event.EventPublishingTestExecutionListener@49ef32e0, org.springframework.boot.test.autoconfigure.restdocs.RestDocsTestExecutionListener@271f18d3, org.springframework.boot.test.autoconfigure.web.client.MockRestServiceServerResetTestExecutionListener@6bd51ed8, org.springframework.boot.test.autoconfigure.web.servlet.MockMvcPrintOnlyOnFailureTestExecutionListener@61e3a1fd, org.springframework.boot.test.autoconfigure.web.servlet.WebDriverTestExecutionListener@51abf713, org.springframework.boot.test.autoconfigure.webservices.client.MockWebServiceServerTestExecutionListener@eadb475, org.springframework.boot.test.mock.mockito.ResetMocksTestExecutionListener@4d4d48a6]
19:53:40.105 [Test worker] DEBUG org.springframework.test.context.support.AbstractDirtiesContextTestExecutionListener - Before test class: context [DefaultTestContext@214894fc testClass = DptiApplicationTests, testInstance = [null], testMethod = [null], testException = [null], mergedContextConfiguration = [WebMergedContextConfiguration@10567255 testClass = DptiApplicationTests, locations = '{}', classes = '{class com.sohwan.dpti.DptiApplication}', contextInitializerClasses = '[]', activeProfiles = '{}', propertySourceLocations = '{}', propertySourceProperties = '{org.springframework.boot.test.context.SpringBootTestContextBootstrapper=true}', contextCustomizers = set[org.springframework.boot.test.autoconfigure.actuate.metrics.MetricsExportContextCustomizerFactory$DisableMetricExportContextCustomizer@30d4b288, org.springframework.boot.test.autoconfigure.properties.PropertyMappingContextCustomizer@0, org.springframework.boot.test.autoconfigure.web.servlet.WebDriverContextCustomizerFactory$Customizer@6c6c5427, org.springframework.boot.test.context.filter.ExcludeFilterContextCustomizer@1e63ec0b, org.springframework.boot.test.json.DuplicateJsonObjectContextCustomizerFactory$DuplicateJsonObjectContextCustomizer@3918c187, org.springframework.boot.test.mock.mockito.MockitoContextCustomizer@0, org.springframework.boot.test.web.client.TestRestTemplateContextCustomizer@12dae582, org.springframework.boot.test.web.reactive.server.WebTestClientContextCustomizer@2bef51f2, org.springframework.boot.test.context.SpringBootTestArgs@1, org.springframework.boot.test.context.SpringBootTestWebEnvironment@14a50707], resourceBasePath = 'src/main/webapp', contextLoader = 'org.springframework.boot.test.context.SpringBootContextLoader', parent = [null]], attributes = map['org.springframework.test.context.web.ServletTestExecutionListener.activateListener' -> true]], class annotated with @DirtiesContext [false] with mode [null].

  .   ____          _            __ _ _
 /\\ / ___'_ __ _ _(_)_ __  __ _ \ \ \ \
( ( )\___ | '_ | '_| | '_ \/ _` | \ \ \ \
 \\/  ___)| |_)| | | | | || (_| |  ) ) ) )
  '  |____| .__|_| |_|_| |_\__, | / / / /
 =========|_|==============|___/=/_/_/_/
 :: Spring Boot ::               (v2.7.14)

2023-08-03 19:53:40.535  INFO 17396 --- [    Test worker] com.sohwan.dpti.DptiApplicationTests     : Starting DptiApplicationTests using Java 11.0.20 on DESKTOP-LK67IIF with PID 17396 (started by ksy in D:\dev\DPTI\be\dpti)
2023-08-03 19:53:40.537  INFO 17396 --- [    Test worker] com.sohwan.dpti.DptiApplicationTests     : The following 1 profile is active: "auth"
2023-08-03 19:53:41.462  INFO 17396 --- [    Test worker] .s.d.r.c.RepositoryConfigurationDelegate : Multiple Spring Data modules found, entering strict repository configuration mode
2023-08-03 19:53:41.471  INFO 17396 --- [    Test worker] .s.d.r.c.RepositoryConfigurationDelegate : Bootstrapping Spring Data Redis repositories in DEFAULT mode.
2023-08-03 19:53:41.502  INFO 17396 --- [    Test worker] .s.d.r.c.RepositoryConfigurationDelegate : Finished Spring Data repository scanning in 13 ms. Found 0 Redis repository interfaces.
2023-08-03 19:53:41.820  INFO 17396 --- [    Test worker] trationDelegate$BeanPostProcessorChecker : Bean 'org.springframework.ws.config.annotation.DelegatingWsConfiguration' of type [org.springframework.ws.config.annotation.DelegatingWsConfiguration$$EnhancerBySpringCGLIB$$f3c293e9] is not eligible for getting processed by all BeanPostProcessors (for example: not eligible for auto-proxying)
2023-08-03 19:53:41.904  INFO 17396 --- [    Test worker] .w.s.a.s.AnnotationActionEndpointMapping : Supporting [WS-Addressing August 2004, WS-Addressing 1.0]
2023-08-03 19:53:44.784  INFO 17396 --- [    Test worker] com.sohwan.dpti.DptiApplicationTests     : Started DptiApplicationTests in 4.643 seconds (JVM running for 6.892)
]]></system-out>
  <system-err><![CDATA[]]></system-err>
</testsuite>
