<?xml version="1.0" encoding="UTF-8"?>
<testsuite name="com.sohwan.dpti.DptiApplicationTests" tests="1" skipped="0" failures="0" errors="0" timestamp="2023-08-05T08:43:08" hostname="DESKTOP-LK67IIF" time="0.435">
  <properties/>
  <testcase name="contextLoads()" classname="com.sohwan.dpti.DptiApplicationTests" time="0.435"/>
  <system-out><![CDATA[17:43:05.980 [Test worker] DEBUG org.springframework.test.context.BootstrapUtils - Instantiating CacheAwareContextLoaderDelegate from class [org.springframework.test.context.cache.DefaultCacheAwareContextLoaderDelegate]
17:43:05.989 [Test worker] DEBUG org.springframework.test.context.BootstrapUtils - Instantiating BootstrapContext using constructor [public org.springframework.test.context.support.DefaultBootstrapContext(java.lang.Class,org.springframework.test.context.CacheAwareContextLoaderDelegate)]
17:43:06.016 [Test worker] DEBUG org.springframework.test.context.BootstrapUtils - Instantiating TestContextBootstrapper for test class [com.sohwan.dpti.DptiApplicationTests] from class [org.springframework.boot.test.context.SpringBootTestContextBootstrapper]
17:43:06.025 [Test worker] INFO org.springframework.boot.test.context.SpringBootTestContextBootstrapper - Neither @ContextConfiguration nor @ContextHierarchy found for test class [com.sohwan.dpti.DptiApplicationTests], using SpringBootContextLoader
17:43:06.030 [Test worker] DEBUG org.springframework.test.context.support.AbstractContextLoader - Did not detect default resource location for test class [com.sohwan.dpti.DptiApplicationTests]: class path resource [com/sohwan/dpti/DptiApplicationTests-context.xml] does not exist
17:43:06.030 [Test worker] DEBUG org.springframework.test.context.support.AbstractContextLoader - Did not detect default resource location for test class [com.sohwan.dpti.DptiApplicationTests]: class path resource [com/sohwan/dpti/DptiApplicationTestsContext.groovy] does not exist
17:43:06.030 [Test worker] INFO org.springframework.test.context.support.AbstractContextLoader - Could not detect default resource locations for test class [com.sohwan.dpti.DptiApplicationTests]: no resource found for suffixes {-context.xml, Context.groovy}.
17:43:06.031 [Test worker] INFO org.springframework.test.context.support.AnnotationConfigContextLoaderUtils - Could not detect default configuration classes for test class [com.sohwan.dpti.DptiApplicationTests]: DptiApplicationTests does not declare any static, non-private, non-final, nested classes annotated with @Configuration.
17:43:06.074 [Test worker] DEBUG org.springframework.test.context.support.ActiveProfilesUtils - Could not find an 'annotation declaring class' for annotation type [org.springframework.test.context.ActiveProfiles] and class [com.sohwan.dpti.DptiApplicationTests]
17:43:06.125 [Test worker] DEBUG org.springframework.context.annotation.ClassPathScanningCandidateComponentProvider - Identified candidate component class: file [D:\dev\DPTI\be\dpti\build\classes\java\main\com\sohwan\dpti\DptiApplication.class]
17:43:06.127 [Test worker] INFO org.springframework.boot.test.context.SpringBootTestContextBootstrapper - Found @SpringBootConfiguration com.sohwan.dpti.DptiApplication for test class com.sohwan.dpti.DptiApplicationTests
17:43:06.219 [Test worker] DEBUG org.springframework.boot.test.context.SpringBootTestContextBootstrapper - @TestExecutionListeners is not present for class [com.sohwan.dpti.DptiApplicationTests]: using defaults.
17:43:06.220 [Test worker] INFO org.springframework.boot.test.context.SpringBootTestContextBootstrapper - Loaded default TestExecutionListener class names from location [META-INF/spring.factories]: [org.springframework.boot.test.autoconfigure.restdocs.RestDocsTestExecutionListener, org.springframework.boot.test.autoconfigure.web.client.MockRestServiceServerResetTestExecutionListener, org.springframework.boot.test.autoconfigure.web.servlet.MockMvcPrintOnlyOnFailureTestExecutionListener, org.springframework.boot.test.autoconfigure.web.servlet.WebDriverTestExecutionListener, org.springframework.boot.test.autoconfigure.webservices.client.MockWebServiceServerTestExecutionListener, org.springframework.boot.test.mock.mockito.MockitoTestExecutionListener, org.springframework.boot.test.mock.mockito.ResetMocksTestExecutionListener, org.springframework.test.context.web.ServletTestExecutionListener, org.springframework.test.context.support.DirtiesContextBeforeModesTestExecutionListener, org.springframework.test.context.event.ApplicationEventsTestExecutionListener, org.springframework.test.context.support.DependencyInjectionTestExecutionListener, org.springframework.test.context.support.DirtiesContextTestExecutionListener, org.springframework.test.context.transaction.TransactionalTestExecutionListener, org.springframework.test.context.jdbc.SqlScriptsTestExecutionListener, org.springframework.test.context.event.EventPublishingTestExecutionListener]
17:43:06.237 [Test worker] INFO org.springframework.boot.test.context.SpringBootTestContextBootstrapper - Using TestExecutionListeners: [org.springframework.test.context.web.ServletTestExecutionListener@7dd712e8, org.springframework.test.context.support.DirtiesContextBeforeModesTestExecutionListener@2c282004, org.springframework.test.context.event.ApplicationEventsTestExecutionListener@22ee2d0, org.springframework.boot.test.mock.mockito.MockitoTestExecutionListener@7bfc3126, org.springframework.boot.test.autoconfigure.SpringBootDependencyInjectionTestExecutionListener@3e792ce3, org.springframework.test.context.support.DirtiesContextTestExecutionListener@53bc1328, org.springframework.test.context.transaction.TransactionalTestExecutionListener@26f143ed, org.springframework.test.context.jdbc.SqlScriptsTestExecutionListener@3c1e3314, org.springframework.test.context.event.EventPublishingTestExecutionListener@4b770e40, org.springframework.boot.test.autoconfigure.restdocs.RestDocsTestExecutionListener@78e16155, org.springframework.boot.test.autoconfigure.web.client.MockRestServiceServerResetTestExecutionListener@54a3ab8f, org.springframework.boot.test.autoconfigure.web.servlet.MockMvcPrintOnlyOnFailureTestExecutionListener@1968a49c, org.springframework.boot.test.autoconfigure.web.servlet.WebDriverTestExecutionListener@6a1ebcff, org.springframework.boot.test.autoconfigure.webservices.client.MockWebServiceServerTestExecutionListener@19868320, org.springframework.boot.test.mock.mockito.ResetMocksTestExecutionListener@50b0bc4c]
17:43:06.240 [Test worker] DEBUG org.springframework.test.context.support.AbstractDirtiesContextTestExecutionListener - Before test class: context [DefaultTestContext@6bd51ed8 testClass = DptiApplicationTests, testInstance = [null], testMethod = [null], testException = [null], mergedContextConfiguration = [WebMergedContextConfiguration@61e3a1fd testClass = DptiApplicationTests, locations = '{}', classes = '{class com.sohwan.dpti.DptiApplication}', contextInitializerClasses = '[]', activeProfiles = '{}', propertySourceLocations = '{}', propertySourceProperties = '{org.springframework.boot.test.context.SpringBootTestContextBootstrapper=true}', contextCustomizers = set[org.springframework.boot.test.autoconfigure.actuate.metrics.MetricsExportContextCustomizerFactory$DisableMetricExportContextCustomizer@27305e6, org.springframework.boot.test.autoconfigure.properties.PropertyMappingContextCustomizer@0, org.springframework.boot.test.autoconfigure.web.servlet.WebDriverContextCustomizerFactory$Customizer@6b9ce1bf, org.springframework.boot.test.context.filter.ExcludeFilterContextCustomizer@609640d5, org.springframework.boot.test.json.DuplicateJsonObjectContextCustomizerFactory$DuplicateJsonObjectContextCustomizer@62ea3440, org.springframework.boot.test.mock.mockito.MockitoContextCustomizer@0, org.springframework.boot.test.web.client.TestRestTemplateContextCustomizer@295eaa7c, org.springframework.boot.test.web.reactive.server.WebTestClientContextCustomizer@1dd0e7c4, org.springframework.boot.test.context.SpringBootTestArgs@1, org.springframework.boot.test.context.SpringBootTestWebEnvironment@42b3b079], resourceBasePath = 'src/main/webapp', contextLoader = 'org.springframework.boot.test.context.SpringBootContextLoader', parent = [null]], attributes = map['org.springframework.test.context.web.ServletTestExecutionListener.activateListener' -> true]], class annotated with @DirtiesContext [false] with mode [null].

  .   ____          _            __ _ _
 /\\ / ___'_ __ _ _(_)_ __  __ _ \ \ \ \
( ( )\___ | '_ | '_| | '_ \/ _` | \ \ \ \
 \\/  ___)| |_)| | | | | || (_| |  ) ) ) )
  '  |____| .__|_| |_|_| |_\__, | / / / /
 =========|_|==============|___/=/_/_/_/
 :: Spring Boot ::               (v2.7.14)

2023-08-05 17:43:06.614  INFO 25648 --- [    Test worker] com.sohwan.dpti.DptiApplicationTests     : Starting DptiApplicationTests using Java 11.0.20 on DESKTOP-LK67IIF with PID 25648 (started by ksy in D:\dev\DPTI\be\dpti)
2023-08-05 17:43:06.616  INFO 25648 --- [    Test worker] com.sohwan.dpti.DptiApplicationTests     : The following 1 profile is active: "auth"
2023-08-05 17:43:07.339  INFO 25648 --- [    Test worker] trationDelegate$BeanPostProcessorChecker : Bean 'org.springframework.ws.config.annotation.DelegatingWsConfiguration' of type [org.springframework.ws.config.annotation.DelegatingWsConfiguration$$EnhancerBySpringCGLIB$$11e4caf9] is not eligible for getting processed by all BeanPostProcessors (for example: not eligible for auto-proxying)
2023-08-05 17:43:07.395  INFO 25648 --- [    Test worker] .w.s.a.s.AnnotationActionEndpointMapping : Supporting [WS-Addressing August 2004, WS-Addressing 1.0]
2023-08-05 17:43:08.493  INFO 25648 --- [    Test worker] com.sohwan.dpti.DptiApplicationTests     : Started DptiApplicationTests in 2.216 seconds (JVM running for 3.971)
]]></system-out>
  <system-err><![CDATA[]]></system-err>
</testsuite>
