<?xml version="1.0" encoding="UTF-8"?>
<testsuite name="com.sohwan.dpti.DptiApplicationTests" tests="1" skipped="0" failures="0" errors="0" timestamp="2023-08-04T06:26:40" hostname="DESKTOP-LK67IIF" time="0.439">
  <properties/>
  <testcase name="contextLoads()" classname="com.sohwan.dpti.DptiApplicationTests" time="0.439"/>
  <system-out><![CDATA[15:26:36.832 [Test worker] DEBUG org.springframework.test.context.BootstrapUtils - Instantiating CacheAwareContextLoaderDelegate from class [org.springframework.test.context.cache.DefaultCacheAwareContextLoaderDelegate]
15:26:36.842 [Test worker] DEBUG org.springframework.test.context.BootstrapUtils - Instantiating BootstrapContext using constructor [public org.springframework.test.context.support.DefaultBootstrapContext(java.lang.Class,org.springframework.test.context.CacheAwareContextLoaderDelegate)]
15:26:36.878 [Test worker] DEBUG org.springframework.test.context.BootstrapUtils - Instantiating TestContextBootstrapper for test class [com.sohwan.dpti.DptiApplicationTests] from class [org.springframework.boot.test.context.SpringBootTestContextBootstrapper]
15:26:36.890 [Test worker] INFO org.springframework.boot.test.context.SpringBootTestContextBootstrapper - Neither @ContextConfiguration nor @ContextHierarchy found for test class [com.sohwan.dpti.DptiApplicationTests], using SpringBootContextLoader
15:26:36.894 [Test worker] DEBUG org.springframework.test.context.support.AbstractContextLoader - Did not detect default resource location for test class [com.sohwan.dpti.DptiApplicationTests]: class path resource [com/sohwan/dpti/DptiApplicationTests-context.xml] does not exist
15:26:36.895 [Test worker] DEBUG org.springframework.test.context.support.AbstractContextLoader - Did not detect default resource location for test class [com.sohwan.dpti.DptiApplicationTests]: class path resource [com/sohwan/dpti/DptiApplicationTestsContext.groovy] does not exist
15:26:36.895 [Test worker] INFO org.springframework.test.context.support.AbstractContextLoader - Could not detect default resource locations for test class [com.sohwan.dpti.DptiApplicationTests]: no resource found for suffixes {-context.xml, Context.groovy}.
15:26:36.896 [Test worker] INFO org.springframework.test.context.support.AnnotationConfigContextLoaderUtils - Could not detect default configuration classes for test class [com.sohwan.dpti.DptiApplicationTests]: DptiApplicationTests does not declare any static, non-private, non-final, nested classes annotated with @Configuration.
15:26:36.937 [Test worker] DEBUG org.springframework.test.context.support.ActiveProfilesUtils - Could not find an 'annotation declaring class' for annotation type [org.springframework.test.context.ActiveProfiles] and class [com.sohwan.dpti.DptiApplicationTests]
15:26:36.985 [Test worker] DEBUG org.springframework.context.annotation.ClassPathScanningCandidateComponentProvider - Identified candidate component class: file [D:\dev\DPTI\be\dpti\build\classes\java\main\com\sohwan\dpti\DptiApplication.class]
15:26:36.987 [Test worker] INFO org.springframework.boot.test.context.SpringBootTestContextBootstrapper - Found @SpringBootConfiguration com.sohwan.dpti.DptiApplication for test class com.sohwan.dpti.DptiApplicationTests
15:26:37.093 [Test worker] DEBUG org.springframework.boot.test.context.SpringBootTestContextBootstrapper - @TestExecutionListeners is not present for class [com.sohwan.dpti.DptiApplicationTests]: using defaults.
15:26:37.094 [Test worker] INFO org.springframework.boot.test.context.SpringBootTestContextBootstrapper - Loaded default TestExecutionListener class names from location [META-INF/spring.factories]: [org.springframework.boot.test.autoconfigure.restdocs.RestDocsTestExecutionListener, org.springframework.boot.test.autoconfigure.web.client.MockRestServiceServerResetTestExecutionListener, org.springframework.boot.test.autoconfigure.web.servlet.MockMvcPrintOnlyOnFailureTestExecutionListener, org.springframework.boot.test.autoconfigure.web.servlet.WebDriverTestExecutionListener, org.springframework.boot.test.autoconfigure.webservices.client.MockWebServiceServerTestExecutionListener, org.springframework.boot.test.mock.mockito.MockitoTestExecutionListener, org.springframework.boot.test.mock.mockito.ResetMocksTestExecutionListener, org.springframework.test.context.web.ServletTestExecutionListener, org.springframework.test.context.support.DirtiesContextBeforeModesTestExecutionListener, org.springframework.test.context.event.ApplicationEventsTestExecutionListener, org.springframework.test.context.support.DependencyInjectionTestExecutionListener, org.springframework.test.context.support.DirtiesContextTestExecutionListener, org.springframework.test.context.transaction.TransactionalTestExecutionListener, org.springframework.test.context.jdbc.SqlScriptsTestExecutionListener, org.springframework.test.context.event.EventPublishingTestExecutionListener]
15:26:37.112 [Test worker] INFO org.springframework.boot.test.context.SpringBootTestContextBootstrapper - Using TestExecutionListeners: [org.springframework.test.context.web.ServletTestExecutionListener@6a175569, org.springframework.test.context.support.DirtiesContextBeforeModesTestExecutionListener@11963225, org.springframework.test.context.event.ApplicationEventsTestExecutionListener@3f3c966c, org.springframework.boot.test.mock.mockito.MockitoTestExecutionListener@11ee02f8, org.springframework.boot.test.autoconfigure.SpringBootDependencyInjectionTestExecutionListener@4102b1b1, org.springframework.test.context.support.DirtiesContextTestExecutionListener@61a5b4ae, org.springframework.test.context.transaction.TransactionalTestExecutionListener@3a71c100, org.springframework.test.context.jdbc.SqlScriptsTestExecutionListener@5b69fd74, org.springframework.test.context.event.EventPublishingTestExecutionListener@f325091, org.springframework.boot.test.autoconfigure.restdocs.RestDocsTestExecutionListener@437e951d, org.springframework.boot.test.autoconfigure.web.client.MockRestServiceServerResetTestExecutionListener@77b325b3, org.springframework.boot.test.autoconfigure.web.servlet.MockMvcPrintOnlyOnFailureTestExecutionListener@63a5e46c, org.springframework.boot.test.autoconfigure.web.servlet.WebDriverTestExecutionListener@7e8e8651, org.springframework.boot.test.autoconfigure.webservices.client.MockWebServiceServerTestExecutionListener@49ef32e0, org.springframework.boot.test.mock.mockito.ResetMocksTestExecutionListener@271f18d3]
15:26:37.116 [Test worker] DEBUG org.springframework.test.context.support.AbstractDirtiesContextTestExecutionListener - Before test class: context [DefaultTestContext@74a9c4b0 testClass = DptiApplicationTests, testInstance = [null], testMethod = [null], testException = [null], mergedContextConfiguration = [WebMergedContextConfiguration@85ec632 testClass = DptiApplicationTests, locations = '{}', classes = '{class com.sohwan.dpti.DptiApplication}', contextInitializerClasses = '[]', activeProfiles = '{}', propertySourceLocations = '{}', propertySourceProperties = '{org.springframework.boot.test.context.SpringBootTestContextBootstrapper=true}', contextCustomizers = set[org.springframework.boot.test.autoconfigure.actuate.metrics.MetricsExportContextCustomizerFactory$DisableMetricExportContextCustomizer@f73dcd6, org.springframework.boot.test.autoconfigure.properties.PropertyMappingContextCustomizer@0, org.springframework.boot.test.autoconfigure.web.servlet.WebDriverContextCustomizerFactory$Customizer@12bfd80d, org.springframework.boot.test.context.filter.ExcludeFilterContextCustomizer@6c6c5427, org.springframework.boot.test.json.DuplicateJsonObjectContextCustomizerFactory$DuplicateJsonObjectContextCustomizer@1e63ec0b, org.springframework.boot.test.mock.mockito.MockitoContextCustomizer@0, org.springframework.boot.test.web.client.TestRestTemplateContextCustomizer@56c9bbd8, org.springframework.boot.test.web.reactive.server.WebTestClientContextCustomizer@619bfe29, org.springframework.boot.test.context.SpringBootTestArgs@1, org.springframework.boot.test.context.SpringBootTestWebEnvironment@6736fa8d], resourceBasePath = 'src/main/webapp', contextLoader = 'org.springframework.boot.test.context.SpringBootContextLoader', parent = [null]], attributes = map['org.springframework.test.context.web.ServletTestExecutionListener.activateListener' -> true]], class annotated with @DirtiesContext [false] with mode [null].

  .   ____          _            __ _ _
 /\\ / ___'_ __ _ _(_)_ __  __ _ \ \ \ \
( ( )\___ | '_ | '_| | '_ \/ _` | \ \ \ \
 \\/  ___)| |_)| | | | | || (_| |  ) ) ) )
  '  |____| .__|_| |_|_| |_\__, | / / / /
 =========|_|==============|___/=/_/_/_/
 :: Spring Boot ::               (v2.7.14)

2023-08-04 15:26:37.458  INFO 21556 --- [    Test worker] com.sohwan.dpti.DptiApplicationTests     : Starting DptiApplicationTests using Java 11.0.20 on DESKTOP-LK67IIF with PID 21556 (started by ksy in D:\dev\DPTI\be\dpti)
2023-08-04 15:26:37.459  INFO 21556 --- [    Test worker] com.sohwan.dpti.DptiApplicationTests     : The following 1 profile is active: "auth"
2023-08-04 15:26:38.041  INFO 21556 --- [    Test worker] .s.d.r.c.RepositoryConfigurationDelegate : Multiple Spring Data modules found, entering strict repository configuration mode
2023-08-04 15:26:38.048  INFO 21556 --- [    Test worker] .s.d.r.c.RepositoryConfigurationDelegate : Bootstrapping Spring Data Redis repositories in DEFAULT mode.
2023-08-04 15:26:38.073  INFO 21556 --- [    Test worker] .s.d.r.c.RepositoryConfigurationDelegate : Finished Spring Data repository scanning in 9 ms. Found 0 Redis repository interfaces.
2023-08-04 15:26:38.300  INFO 21556 --- [    Test worker] trationDelegate$BeanPostProcessorChecker : Bean 'org.springframework.ws.config.annotation.DelegatingWsConfiguration' of type [org.springframework.ws.config.annotation.DelegatingWsConfiguration$$EnhancerBySpringCGLIB$$77452fea] is not eligible for getting processed by all BeanPostProcessors (for example: not eligible for auto-proxying)
2023-08-04 15:26:38.356  INFO 21556 --- [    Test worker] .w.s.a.s.AnnotationActionEndpointMapping : Supporting [WS-Addressing August 2004, WS-Addressing 1.0]
2023-08-04 15:26:40.613  INFO 21556 --- [    Test worker] com.sohwan.dpti.DptiApplicationTests     : Started DptiApplicationTests in 3.465 seconds (JVM running for 5.199)
]]></system-out>
  <system-err><![CDATA[]]></system-err>
</testsuite>
